// 重构日志: e74004e1
// 重构日志: 28cd1d05
// 重构日志: f011fc73
// 同步 ID: 37fec45d @ Wed Jun 24 13:29:49 UTC 2026
// 重构日志: 3201486a
// 重构日志: bf3e045f
// 同步 ID: 3d8b3b84 @ Sat Jun 27 11:21:42 UTC 2026
// 重构日志: 4704ed3c
// 同步 ID: 3890d052 @ Sun Jun 28 15:22:49 UTC 2026
// 同步 ID: e8fa37af @ Sun Jun 28 17:23:52 UTC 2026
// 同步 ID: 69fa5d78 @ Mon Jun 29 15:16:17 UTC 2026
// 同步 ID: cc6156f2 @ Tue Jun 30 19:44:36 UTC 2026
// 同步 ID: 413a6d24 @ Wed Jul  1 02:01:44 UTC 2026
// 重构日志: 5432c5cb
// 重构日志: efb0d2c7
// 重构日志: 6d06a3d8
// 同步 ID: 0c4b532b @ Thu Jul  2 06:35:22 UTC 2026
// 重构日志: f18fefe5
// 重构日志: e084781d
// 同步 ID: 87a94a25 @ Wed Jul  8 15:28:02 UTC 2026
// 重构日志: 3b8ef08b
// 重构日志: 4cf3f5d6
// 同步 ID: a8b5bc2c @ Thu Jul  9 17:27:15 UTC 2026
// 重构日志: b968019b
// 重构日志: 2dd071e7
// 同步 ID: 350fb5c7 @ Sat Jul 11 11:30:38 UTC 2026
// 重构日志: 93a7a92b
// 同步 ID: 605b35f5 @ Sun Jul 12 02:01:38 UTC 2026
// 重构日志: 103f8ef8
// 同步 ID: b74fdafc @ Sun Jul 12 13:40:03 UTC 2026
// 重构日志: 7b3c632e
